<?xml version="1.0" encoding="UTF-8"?>
<!-- Generated by org.testng.reporters.JUnitReportReporter -->
<testsuite hostname="LAPTOP-2S8BC3KU" failures="0" tests="1" name="obsqura.SeleniumTestingFramework.MenuSelecetion1" time="3.621" errors="0" timestamp="2023-05-30T00:09:58 IST" skipped="0">
  <testcase classname="obsqura.SeleniumTestingFramework.MenuSelecetion1" name="menu" time="3.621"/>
  <system-out/>
</testsuite> <!-- obsqura.SeleniumTestingFramework.MenuSelecetion1 -->
