<?xml version="1.0" encoding="UTF-8"?>
<!-- Generated by org.testng.reporters.JUnitReportReporter -->
<testsuite hostname="LAPTOP-2S8BC3KU" failures="0" tests="1" name="obsqura.SeleniumTestingFramework.DropDown" time="4.824" errors="0" timestamp="2023-06-01T12:11:54 IST" skipped="0">
  <testcase classname="obsqura.SeleniumTestingFramework.DropDown" name="dropDownWithoutUsingSelectClass" time="4.824"/>
  <system-out/>
</testsuite> <!-- obsqura.SeleniumTestingFramework.DropDown -->
