<?xml version="1.0" encoding="UTF-8"?>
<!-- Generated by org.testng.reporters.JUnitReportReporter -->
<testsuite hostname="LAPTOP-2S8BC3KU" failures="0" tests="1" name="obsqura.SeleniumTestingFramework.WebCommandsHomeWork" time="5.186" errors="0" timestamp="2023-05-24T16:53:05 IST" skipped="0">
  <testcase classname="obsqura.SeleniumTestingFramework.WebCommandsHomeWork" name="searchBar" time="5.186"/>
  <system-out/>
</testsuite> <!-- obsqura.SeleniumTestingFramework.WebCommandsHomeWork -->
