<?xml version="1.0" encoding="UTF-8"?>
<!-- Generated by org.testng.reporters.JUnitReportReporter -->
<testsuite hostname="LAPTOP-2S8BC3KU" failures="0" tests="1" name="obsqura.SeleniumTestingFramework.Alerts" time="3.729" errors="0" timestamp="2023-05-30T21:16:28 IST" skipped="0">
  <testcase classname="obsqura.SeleniumTestingFramework.Alerts" name="simpleAlert" time="3.729"/>
  <system-out/>
</testsuite> <!-- obsqura.SeleniumTestingFramework.Alerts -->
