<?xml version="1.0" encoding="UTF-8"?>
<!-- Generated by org.testng.reporters.JUnitReportReporter -->
<testsuite hostname="LAPTOP-2S8BC3KU" failures="0" tests="4" name="obsqura.SeleniumTestingFramework.TimeCalculation" time="11.597" errors="0" timestamp="2023-06-01T20:32:35 IST" skipped="0">
  <testcase classname="obsqura.SeleniumTestingFramework.TimeCalculation" name="loactionByXpath" time="2.789"/>
  <system-out/>
  <testcase classname="obsqura.SeleniumTestingFramework.TimeCalculation" name="locateById" time="3.305"/>
  <system-out/>
  <testcase classname="obsqura.SeleniumTestingFramework.TimeCalculation" name="locateByClass" time="2.769"/>
  <system-out/>
  <testcase classname="obsqura.SeleniumTestingFramework.TimeCalculation" name="locateByCssSelector" time="2.734"/>
  <system-out/>
</testsuite> <!-- obsqura.SeleniumTestingFramework.TimeCalculation -->
