<?xml version="1.0" encoding="UTF-8"?>
<!-- Generated by org.testng.reporters.JUnitReportReporter -->
<testsuite hostname="LAPTOP-2S8BC3KU" failures="0" tests="1" name="obsqura.SeleniumTestingFramework.ActionClassDemo" time="8.578" errors="0" timestamp="2023-06-02T21:01:39 IST" skipped="0">
  <testcase classname="obsqura.SeleniumTestingFramework.ActionClassDemo" name="actionClassWorking" time="8.578"/>
  <system-out/>
</testsuite> <!-- obsqura.SeleniumTestingFramework.ActionClassDemo -->
