<?xml version="1.0" encoding="UTF-8"?>
<!-- Generated by org.testng.reporters.JUnitReportReporter -->
<testsuite hostname="LAPTOP-2S8BC3KU" failures="0" tests="1" name="obsqura.SeleniumTestingFramework.RadioButton" time="3.746" errors="0" timestamp="2023-05-31T15:15:05 IST" skipped="0">
  <testcase classname="obsqura.SeleniumTestingFramework.RadioButton" name="groupRadioButtonDemo" time="3.746"/>
  <system-out/>
</testsuite> <!-- obsqura.SeleniumTestingFramework.RadioButton -->
