<?xml version="1.0" encoding="UTF-8"?>
<!-- Generated by org.testng.reporters.JUnitReportReporter -->
<testsuite hostname="LAPTOP-2S8BC3KU" failures="0" tests="1" name="obsqura.SeleniumTestingFramework.CheckBox" time="3.770" errors="0" timestamp="2023-05-30T19:43:40 IST" skipped="0">
  <testcase classname="obsqura.SeleniumTestingFramework.CheckBox" name="verifyByClickingUnselectAllButtonCanDisableAllTheCheckBoxButtons" time="3.770"/>
  <system-out/>
</testsuite> <!-- obsqura.SeleniumTestingFramework.CheckBox -->
