<?xml version="1.0" encoding="UTF-8"?>
<!-- Generated by org.testng.reporters.JUnitReportReporter -->
<testsuite hostname="LAPTOP-2S8BC3KU" failures="0" tests="2" name="obsqura.SeleniumTestingFramework.Annotations" time="6.729" errors="0" timestamp="2023-05-24T13:39:54 IST" skipped="0">
  <testcase classname="obsqura.SeleniumTestingFramework.Annotations" name="testSample1" time="3.801"/>
  <system-out/>
  <testcase classname="obsqura.SeleniumTestingFramework.Annotations" name="testSample" time="2.928"/>
  <system-out/>
</testsuite> <!-- obsqura.SeleniumTestingFramework.Annotations -->
