<?xml version="1.0" encoding="UTF-8"?>
<!-- Generated by org.testng.reporters.JUnitReportReporter -->
<testsuite hostname="LAPTOP-2S8BC3KU" failures="0" tests="1" name="com.obsquara.AutomationCourse.AnnotationSample" time="0.007" errors="0" timestamp="2023-05-23T20:34:54 IST" skipped="0">
  <testcase classname="com.obsquara.AutomationCourse.AnnotationSample" name="testCase1" time="0.007"/>
  <system-out/>
</testsuite> <!-- com.obsquara.AutomationCourse.AnnotationSample -->
